
==============NVSMI LOG==============

Timestamp                                 : Fri Apr 15 22:57:19 2022
Driver Version                            : 470.57.02
CUDA Version                              : 11.4

Attached GPUs                             : 1
GPU 00000000:02:00.0
    Product Name                          : NVIDIA GeForce GTX TITAN X
    Product Brand                         : GeForce
    Display Mode                          : Disabled
    Display Active                        : Disabled
    Persistence Mode                      : Enabled
    MIG Mode
        Current                           : N/A
        Pending                           : N/A
    Accounting Mode                       : Disabled
    Accounting Mode Buffer Size           : 4000
    Driver Model
        Current                           : N/A
        Pending                           : N/A
    Serial Number                         : 0424115012711
    GPU UUID                              : GPU-74fff832-97cf-53e4-a6f0-f75390f73709
    Minor Number                          : 0
    VBIOS Version                         : 84.00.1F.00.01
    MultiGPU Board                        : No
    Board ID                              : 0x200
    GPU Part Number                       : N/A
    Module ID                             : 0
    Inforom Version
        Image Version                     : G001.0000.01.03
        OEM Object                        : 1.1
        ECC Object                        : N/A
        Power Management Object           : N/A
    GPU Operation Mode
        Current                           : N/A
        Pending                           : N/A
    GSP Firmware Version                  : N/A
    GPU Virtualization Mode
        Virtualization Mode               : None
        Host VGPU Mode                    : N/A
    IBMNPU
        Relaxed Ordering Mode             : N/A
    PCI
        Bus                               : 0x02
        Device                            : 0x00
        Domain                            : 0x0000
        Device Id                         : 0x17C210DE
        Bus Id                            : 00000000:02:00.0
        Sub System Id                     : 0x113210DE
        GPU Link Info
            PCIe Generation
                Max                       : 3
                Current                   : 1
            Link Width
                Max                       : 16x
                Current                   : 16x
        Bridge Chip
            Type                          : N/A
            Firmware                      : N/A
        Replays Since Reset               : 0
        Replay Number Rollovers           : 0
        Tx Throughput                     : 0 KB/s
        Rx Throughput                     : 0 KB/s
    Fan Speed                             : 22 %
    Performance State                     : P8
    Clocks Throttle Reasons
        Idle                              : Active
        Applications Clocks Setting       : Not Active
        SW Power Cap                      : Not Active
        HW Slowdown                       : Not Active
            HW Thermal Slowdown           : N/A
            HW Power Brake Slowdown       : N/A
        Sync Boost                        : Not Active
        SW Thermal Slowdown               : Not Active
        Display Clock Setting             : Not Active
    FB Memory Usage
        Total                             : 12212 MiB
        Used                              : 1 MiB
        Free                              : 12211 MiB
    BAR1 Memory Usage
        Total                             : 256 MiB
        Used                              : 4 MiB
        Free                              : 252 MiB
    Compute Mode                          : Default
    Utilization
        Gpu                               : 0 %
        Memory                            : 0 %
        Encoder                           : 0 %
        Decoder                           : 0 %
    Encoder Stats
        Active Sessions                   : 0
        Average FPS                       : 0
        Average Latency                   : 0
    FBC Stats
        Active Sessions                   : 0
        Average FPS                       : 0
        Average Latency                   : 0
    Ecc Mode
        Current                           : N/A
        Pending                           : N/A
    ECC Errors
        Volatile
            Single Bit            
                Device Memory             : N/A
                Register File             : N/A
                L1 Cache                  : N/A
                L2 Cache                  : N/A
                Texture Memory            : N/A
                Texture Shared            : N/A
                CBU                       : N/A
                Total                     : N/A
            Double Bit            
                Device Memory             : N/A
                Register File             : N/A
                L1 Cache                  : N/A
                L2 Cache                  : N/A
                Texture Memory            : N/A
                Texture Shared            : N/A
                CBU                       : N/A
                Total                     : N/A
        Aggregate
            Single Bit            
                Device Memory             : N/A
                Register File             : N/A
                L1 Cache                  : N/A
                L2 Cache                  : N/A
                Texture Memory            : N/A
                Texture Shared            : N/A
                CBU                       : N/A
                Total                     : N/A
            Double Bit            
                Device Memory             : N/A
                Register File             : N/A
                L1 Cache                  : N/A
                L2 Cache                  : N/A
                Texture Memory            : N/A
                Texture Shared            : N/A
                CBU                       : N/A
                Total                     : N/A
    Retired Pages
        Single Bit ECC                    : N/A
        Double Bit ECC                    : N/A
        Pending Page Blacklist            : N/A
    Remapped Rows                         : N/A
    Temperature
        GPU Current Temp                  : 35 C
        GPU Shutdown Temp                 : 97 C
        GPU Slowdown Temp                 : 92 C
        GPU Max Operating Temp            : N/A
        GPU Target Temperature            : 83 C
        Memory Current Temp               : N/A
        Memory Max Operating Temp         : N/A
    Power Readings
        Power Management                  : Supported
        Power Draw                        : 16.75 W
        Power Limit                       : 250.00 W
        Default Power Limit               : 250.00 W
        Enforced Power Limit              : 250.00 W
        Min Power Limit                   : 150.00 W
        Max Power Limit                   : 275.00 W
    Clocks
        Graphics                          : 135 MHz
        SM                                : 135 MHz
        Memory                            : 405 MHz
        Video                             : 405 MHz
    Applications Clocks
        Graphics                          : 1000 MHz
        Memory                            : 3505 MHz
    Default Applications Clocks
        Graphics                          : 1000 MHz
        Memory                            : 3505 MHz
    Max Clocks
        Graphics                          : 1392 MHz
        SM                                : 1392 MHz
        Memory                            : 3505 MHz
        Video                             : 1281 MHz
    Max Customer Boost Clocks
        Graphics                          : N/A
    Clock Policy
        Auto Boost                        : On
        Auto Boost Default                : On
    Voltage
        Graphics                          : N/A
    Processes                             : None

