
==============NVSMI LOG==============

Timestamp                                 : Fri Apr 15 22:58:18 2022
Driver Version                            : 470.57.02
CUDA Version                              : 11.4

Attached GPUs                             : 1
GPU 00000000:82:00.0
    Product Name                          : NVIDIA TITAN X (Pascal)
    Product Brand                         : Titan
    Display Mode                          : Disabled
    Display Active                        : Disabled
    Persistence Mode                      : Enabled
    MIG Mode
        Current                           : N/A
        Pending                           : N/A
    Accounting Mode                       : Disabled
    Accounting Mode Buffer Size           : 4000
    Driver Model
        Current                           : N/A
        Pending                           : N/A
    Serial Number                         : 0322916024212
    GPU UUID                              : GPU-847a3bba-4b7c-93a7-6fb9-56014b6fdc52
    Minor Number                          : 2
    VBIOS Version                         : 86.02.15.00.01
    MultiGPU Board                        : No
    Board ID                              : 0x8200
    GPU Part Number                       : 900-1G611-2500-000
    Module ID                             : 0
    Inforom Version
        Image Version                     : G001.0000.01.03
        OEM Object                        : 1.1
        ECC Object                        : N/A
        Power Management Object           : N/A
    GPU Operation Mode
        Current                           : N/A
        Pending                           : N/A
    GSP Firmware Version                  : N/A
    GPU Virtualization Mode
        Virtualization Mode               : None
        Host VGPU Mode                    : N/A
    IBMNPU
        Relaxed Ordering Mode             : N/A
    PCI
        Bus                               : 0x82
        Device                            : 0x00
        Domain                            : 0x0000
        Device Id                         : 0x1B0010DE
        Bus Id                            : 00000000:82:00.0
        Sub System Id                     : 0x119A10DE
        GPU Link Info
            PCIe Generation
                Max                       : 3
                Current                   : 1
            Link Width
                Max                       : 16x
                Current                   : 16x
        Bridge Chip
            Type                          : N/A
            Firmware                      : N/A
        Replays Since Reset               : 0
        Replay Number Rollovers           : 0
        Tx Throughput                     : 0 KB/s
        Rx Throughput                     : 0 KB/s
    Fan Speed                             : 23 %
    Performance State                     : P8
    Clocks Throttle Reasons
        Idle                              : Active
        Applications Clocks Setting       : Not Active
        SW Power Cap                      : Not Active
        HW Slowdown                       : Not Active
            HW Thermal Slowdown           : Not Active
            HW Power Brake Slowdown       : Not Active
        Sync Boost                        : Not Active
        SW Thermal Slowdown               : Not Active
        Display Clock Setting             : Not Active
    FB Memory Usage
        Total                             : 12196 MiB
        Used                              : 1 MiB
        Free                              : 12195 MiB
    BAR1 Memory Usage
        Total                             : 256 MiB
        Used                              : 5 MiB
        Free                              : 251 MiB
    Compute Mode                          : Default
    Utilization
        Gpu                               : 0 %
        Memory                            : 0 %
        Encoder                           : 0 %
        Decoder                           : 0 %
    Encoder Stats
        Active Sessions                   : 0
        Average FPS                       : 0
        Average Latency                   : 0
    FBC Stats
        Active Sessions                   : 0
        Average FPS                       : 0
        Average Latency                   : 0
    Ecc Mode
        Current                           : N/A
        Pending                           : N/A
    ECC Errors
        Volatile
            Single Bit            
                Device Memory             : N/A
                Register File             : N/A
                L1 Cache                  : N/A
                L2 Cache                  : N/A
                Texture Memory            : N/A
                Texture Shared            : N/A
                CBU                       : N/A
                Total                     : N/A
            Double Bit            
                Device Memory             : N/A
                Register File             : N/A
                L1 Cache                  : N/A
                L2 Cache                  : N/A
                Texture Memory            : N/A
                Texture Shared            : N/A
                CBU                       : N/A
                Total                     : N/A
        Aggregate
            Single Bit            
                Device Memory             : N/A
                Register File             : N/A
                L1 Cache                  : N/A
                L2 Cache                  : N/A
                Texture Memory            : N/A
                Texture Shared            : N/A
                CBU                       : N/A
                Total                     : N/A
            Double Bit            
                Device Memory             : N/A
                Register File             : N/A
                L1 Cache                  : N/A
                L2 Cache                  : N/A
                Texture Memory            : N/A
                Texture Shared            : N/A
                CBU                       : N/A
                Total                     : N/A
    Retired Pages
        Single Bit ECC                    : N/A
        Double Bit ECC                    : N/A
        Pending Page Blacklist            : N/A
    Remapped Rows                         : N/A
    Temperature
        GPU Current Temp                  : 25 C
        GPU Shutdown Temp                 : 96 C
        GPU Slowdown Temp                 : 93 C
        GPU Max Operating Temp            : N/A
        GPU Target Temperature            : 84 C
        Memory Current Temp               : N/A
        Memory Max Operating Temp         : N/A
    Power Readings
        Power Management                  : Supported
        Power Draw                        : 9.23 W
        Power Limit                       : 250.00 W
        Default Power Limit               : 250.00 W
        Enforced Power Limit              : 250.00 W
        Min Power Limit                   : 125.00 W
        Max Power Limit                   : 300.00 W
    Clocks
        Graphics                          : 139 MHz
        SM                                : 139 MHz
        Memory                            : 405 MHz
        Video                             : 544 MHz
    Applications Clocks
        Graphics                          : 1417 MHz
        Memory                            : 5005 MHz
    Default Applications Clocks
        Graphics                          : 1417 MHz
        Memory                            : 5005 MHz
    Max Clocks
        Graphics                          : 1911 MHz
        SM                                : 1911 MHz
        Memory                            : 5005 MHz
        Video                             : 1620 MHz
    Max Customer Boost Clocks
        Graphics                          : N/A
    Clock Policy
        Auto Boost                        : N/A
        Auto Boost Default                : N/A
    Voltage
        Graphics                          : N/A
    Processes                             : None

